# JRE version: OpenJDK Runtime Environment JBR-17.0.12+1-1207.37-jcef (17.0.12+1) (build 17.0.12+1-b1207.37)
# Java VM: OpenJDK 64-Bit Server VM JBR-17.0.12+1-1207.37-jcef (17.0.12+1-b1207.37, mixed mode, tiered, compressed oops, compressed class ptrs, g1 gc, linux-amd64)
GC Precious Log:
 CPUs: 2 total, 2 available
 Memory: 2827M
 Large Page Support: Disabled
 NUMA Support: Disabled
 Compressed Oops: Enabled (Zero based)
 Heap Region Size: 2M
 Heap Min Capacity: 128M
 Heap Initial Capacity: 128M
 Heap Max Capacity: 4G
 Pre-touch: Disabled
 Parallel Workers: 2
 Concurrent Workers: 1
 Concurrent Refinement Workers: 2
 Periodic GC: Disabled
Heap:
 garbage-first heap   total 702464K, used 380327K [0x0000000700000000, 0x0000000800000000)
  region size 2048K, 6 young (12288K), 6 survivors (12288K)
 Metaspace       used 376278K, committed 379840K, reserved 1441792K
  class space    used 49397K, committed 51072K, reserved 1048576K
GC Heap History (20 events):
Event: 10517.651 GC heap after
{Heap after GC invocations=94 (full 0):
 garbage-first heap   total 653312K, used 332762K [0x0000000700000000, 0x0000000800000000)
  region size 2048K, 1 young (2048K), 1 survivors (2048K)
 Metaspace       used 346637K, committed 349696K, reserved 1376256K
  class space    used 44856K, committed 46144K, reserved 1048576K
}
Event: 10813.962 GC heap before
{Heap before GC invocations=94 (full 0):
 garbage-first heap   total 653312K, used 564186K [0x0000000700000000, 0x0000000800000000)
  region size 2048K, 114 young (233472K), 1 survivors (2048K)
 Metaspace       used 347058K, committed 350080K, reserved 1376256K
  class space    used 44875K, committed 46208K, reserved 1048576K
}
Event: 10813.991 GC heap after
{Heap after GC invocations=95 (full 0):
 garbage-first heap   total 653312K, used 332182K [0x0000000700000000, 0x0000000800000000)
  region size 2048K, 1 young (2048K), 1 survivors (2048K)
 Metaspace       used 347058K, committed 350080K, reserved 1376256K
  class space    used 44875K, committed 46208K, reserved 1048576K
}
Event: 10981.876 GC heap before
{Heap before GC invocations=96 (full 0):
 garbage-first heap   total 653312K, used 567702K [0x0000000700000000, 0x0000000800000000)
  region size 2048K, 116 young (237568K), 1 survivors (2048K)
 Metaspace       used 356642K, committed 359872K, reserved 1376256K
  class space    used 46009K, committed 47424K, reserved 1048576K
}
Event: 10981.899 GC heap after
{Heap after GC invocations=97 (full 0):
 garbage-first heap   total 653312K, used 342517K [0x0000000700000000, 0x0000000800000000)
  region size 2048K, 6 young (12288K), 6 survivors (12288K)
 Metaspace       used 356642K, committed 359872K, reserved 1376256K
  class space    used 46009K, committed 47424K, reserved 1048576K
}
Event: 11002.640 GC heap before
{Heap before GC invocations=97 (full 0):
 garbage-first heap   total 653312K, used 360949K [0x0000000700000000, 0x0000000800000000)
  region size 2048K, 15 young (30720K), 6 survivors (12288K)
 Metaspace       used 356664K, committed 359872K, reserved 1376256K
  class space    used 46010K, committed 47424K, reserved 1048576K
}
Event: 11002.681 GC heap after
{Heap after GC invocations=98 (full 0):
 garbage-first heap   total 653312K, used 334367K [0x0000000700000000, 0x0000000800000000)
  region size 2048K, 1 young (2048K), 1 survivors (2048K)
 Metaspace       used 356664K, committed 359872K, reserved 1376256K
  class space    used 46010K, committed 47424K, reserved 1048576K
}
Event: 11507.809 GC heap before
{Heap before GC invocations=98 (full 0):
 garbage-first heap   total 653312K, used 561695K [0x0000000700000000, 0x0000000800000000)
  region size 2048K, 112 young (229376K), 1 survivors (2048K)
 Metaspace       used 357089K, committed 360384K, reserved 1376256K
  class space    used 46056K, committed 47488K, reserved 1048576K
}
Event: 11507.817 GC heap after
{Heap after GC invocations=99 (full 0):
 garbage-first heap   total 653312K, used 334781K [0x0000000700000000, 0x0000000800000000)
  region size 2048K, 1 young (2048K), 1 survivors (2048K)
 Metaspace       used 357089K, committed 360384K, reserved 1376256K
  class space    used 46056K, committed 47488K, reserved 1048576K
}
Event: 11529.004 GC heap before
{Heap before GC invocations=100 (full 0):
 garbage-first heap   total 653312K, used 637885K [0x0000000700000000, 0x0000000800000000)
  region size 2048K, 104 young (212992K), 1 survivors (2048K)
 Metaspace       used 371355K, committed 374784K, reserved 1376256K
  class space    used 48397K, committed 49920K, reserved 1048576K
}
Event: 11529.166 GC heap after
{Heap after GC invocations=101 (full 0):
 garbage-first heap   total 702464K, used 489245K [0x0000000700000000, 0x0000000800000000)
  region size 2048K, 15 young (30720K), 15 survivors (30720K)
 Metaspace       used 371355K, committed 374784K, reserved 1376256K
  class space    used 48397K, committed 49920K, reserved 1048576K
}
Event: 11529.369 GC heap before
{Heap before GC invocations=101 (full 0):
 garbage-first heap   total 702464K, used 491293K [0x0000000700000000, 0x0000000800000000)
  region size 2048K, 17 young (34816K), 15 survivors (30720K)
 Metaspace       used 371439K, committed 374784K, reserved 1376256K
  class space    used 48413K, committed 49920K, reserved 1048576K
}
Event: 11529.398 GC heap after
{Heap after GC invocations=102 (full 0):
 garbage-first heap   total 702464K, used 482304K [0x0000000700000000, 0x0000000800000000)
  region size 2048K, 1 young (2048K), 1 survivors (2048K)
 Metaspace       used 371439K, committed 374784K, reserved 1376256K
  class space    used 48413K, committed 49920K, reserved 1048576K
}
Event: 11533.300 GC heap before
{Heap before GC invocations=102 (full 0):
 garbage-first heap   total 702464K, used 574464K [0x0000000700000000, 0x0000000800000000)
  region size 2048K, 46 young (94208K), 1 survivors (2048K)
 Metaspace       used 376157K, committed 379712K, reserved 1441792K
  class space    used 49389K, committed 51072K, reserved 1048576K
}
Event: 11533.316 GC heap after
{Heap after GC invocations=103 (full 0):
 garbage-first heap   total 702464K, used 498688K [0x0000000700000000, 0x0000000800000000)
  region size 2048K, 6 young (12288K), 6 survivors (12288K)
 Metaspace       used 376157K, committed 379712K, reserved 1441792K
  class space    used 49389K, committed 51072K, reserved 1048576K
}
Event: 11534.206 GC heap before
{Heap before GC invocations=104 (full 0):
 garbage-first heap   total 702464K, used 445440K [0x0000000700000000, 0x0000000800000000)
  region size 2048K, 44 young (90112K), 6 survivors (12288K)
 Metaspace       used 376115K, committed 379776K, reserved 1441792K
  class space    used 49376K, committed 51072K, reserved 1048576K
}
Event: 11534.222 GC heap after
{Heap after GC invocations=105 (full 0):
 garbage-first heap   total 702464K, used 375808K [0x0000000700000000, 0x0000000800000000)
  region size 2048K, 4 young (8192K), 4 survivors (8192K)
 Metaspace       used 376115K, committed 379776K, reserved 1441792K
  class space    used 49376K, committed 51072K, reserved 1048576K
}
Event: 11534.388 GC heap before
{Heap before GC invocations=105 (full 0):
 garbage-first heap   total 702464K, used 402432K [0x0000000700000000, 0x0000000800000000)
  region size 2048K, 17 young (34816K), 4 survivors (8192K)
 Metaspace       used 376115K, committed 379776K, reserved 1441792K
  class space    used 49376K, committed 51072K, reserved 1048576K
}
Event: 11534.405 GC heap after
{Heap after GC invocations=106 (full 0):
 garbage-first heap   total 702464K, used 370688K [0x0000000700000000, 0x0000000800000000)
  region size 2048K, 1 young (2048K), 1 survivors (2048K)
 Metaspace       used 376115K, committed 379776K, reserved 1441792K
  class space    used 49376K, committed 51072K, reserved 1048576K
}
Event: 11536.111 GC heap before
{Heap before GC invocations=106 (full 0):
 garbage-first heap   total 702464K, used 466944K [0x0000000700000000, 0x0000000800000000)
  region size 2048K, 50 young (102400K), 1 survivors (2048K)
 Metaspace       used 376278K, committed 379840K, reserved 1441792K
  class space    used 49397K, committed 51072K, reserved 1048576K
}

