# JRE version: OpenJDK Runtime Environment JBR-17.0.12+1-1207.37-jcef (17.0.12+1) (build 17.0.12+1-b1207.37)
# Java VM: OpenJDK 64-Bit Server VM JBR-17.0.12+1-1207.37-jcef (17.0.12+1-b1207.37, mixed mode, tiered, compressed oops, compressed class ptrs, g1 gc, linux-amd64)
GC Precious Log:
 CPUs: 4 total, 4 available
 Memory: 2827M
 Large Page Support: Disabled
 NUMA Support: Disabled
 Compressed Oops: Enabled (Zero based)
 Heap Region Size: 2M
 Heap Min Capacity: 128M
 Heap Initial Capacity: 128M
 Heap Max Capacity: 4G
 Pre-touch: Disabled
 Parallel Workers: 4
 Concurrent Workers: 1
 Concurrent Refinement Workers: 4
 Periodic GC: Disabled
Heap:
 garbage-first heap   total 997376K, used 580335K [0x0000000700000000, 0x0000000800000000)
  region size 2048K, 5 young (10240K), 5 survivors (10240K)
 Metaspace       used 350373K, committed 353920K, reserved 1376256K
  class space    used 44491K, committed 46080K, reserved 1048576K
GC Heap History (20 events):
Event: 1558.043 GC heap after
{Heap after GC invocations=51 (full 0):
 garbage-first heap   total 950272K, used 390150K [0x0000000700000000, 0x0000000800000000)
  region size 2048K, 2 young (4096K), 2 survivors (4096K)
 Metaspace       used 325812K, committed 329088K, reserved 1376256K
  class space    used 41324K, committed 42816K, reserved 1048576K
}
Event: 1604.859 GC heap before
{Heap before GC invocations=51 (full 0):
 garbage-first heap   total 950272K, used 668678K [0x0000000700000000, 0x0000000800000000)
  region size 2048K, 140 young (286720K), 2 survivors (4096K)
 Metaspace       used 336324K, committed 339840K, reserved 1376256K
  class space    used 42694K, committed 44224K, reserved 1048576K
}
Event: 1604.878 GC heap after
{Heap after GC invocations=52 (full 0):
 garbage-first heap   total 950272K, used 399365K [0x0000000700000000, 0x0000000800000000)
  region size 2048K, 7 young (14336K), 7 survivors (14336K)
 Metaspace       used 336324K, committed 339840K, reserved 1376256K
  class space    used 42694K, committed 44224K, reserved 1048576K
}
Event: 1606.441 GC heap before
{Heap before GC invocations=53 (full 0):
 garbage-first heap   total 950272K, used 788485K [0x0000000700000000, 0x0000000800000000)
  region size 2048K, 187 young (382976K), 7 survivors (14336K)
 Metaspace       used 341037K, committed 344512K, reserved 1376256K
  class space    used 43228K, committed 44736K, reserved 1048576K
}
Event: 1606.478 GC heap after
{Heap after GC invocations=54 (full 0):
 garbage-first heap   total 950272K, used 479431K [0x0000000700000000, 0x0000000800000000)
  region size 2048K, 24 young (49152K), 24 survivors (49152K)
 Metaspace       used 341037K, committed 344512K, reserved 1376256K
  class space    used 43228K, committed 44736K, reserved 1048576K
}
Event: 1606.480 GC heap before
{Heap before GC invocations=54 (full 0):
 garbage-first heap   total 950272K, used 481479K [0x0000000700000000, 0x0000000800000000)
  region size 2048K, 25 young (51200K), 24 survivors (49152K)
 Metaspace       used 341038K, committed 344512K, reserved 1376256K
  class space    used 43228K, committed 44736K, reserved 1048576K
}
Event: 1606.519 GC heap after
{Heap after GC invocations=55 (full 0):
 garbage-first heap   total 950272K, used 468930K [0x0000000700000000, 0x0000000800000000)
  region size 2048K, 2 young (4096K), 2 survivors (4096K)
 Metaspace       used 341038K, committed 344512K, reserved 1376256K
  class space    used 43228K, committed 44736K, reserved 1048576K
}
Event: 1613.129 GC heap before
{Heap before GC invocations=55 (full 0):
 garbage-first heap   total 950272K, used 630722K [0x0000000700000000, 0x0000000800000000)
  region size 2048K, 82 young (167936K), 2 survivors (4096K)
 Metaspace       used 344980K, committed 348544K, reserved 1376256K
  class space    used 43859K, committed 45440K, reserved 1048576K
}
Event: 1613.141 GC heap after
{Heap after GC invocations=56 (full 0):
 garbage-first heap   total 950272K, used 483639K [0x0000000700000000, 0x0000000800000000)
  region size 2048K, 9 young (18432K), 9 survivors (18432K)
 Metaspace       used 344980K, committed 348544K, reserved 1376256K
  class space    used 43859K, committed 45440K, reserved 1048576K
}
Event: 1621.929 GC heap before
{Heap before GC invocations=57 (full 0):
 garbage-first heap   total 950272K, used 850231K [0x0000000700000000, 0x0000000800000000)
  region size 2048K, 151 young (309248K), 9 survivors (18432K)
 Metaspace       used 350120K, committed 353728K, reserved 1376256K
  class space    used 44558K, committed 46080K, reserved 1048576K
}
Event: 1621.969 GC heap after
{Heap after GC invocations=58 (full 0):
 garbage-first heap   total 950272K, used 599883K [0x0000000700000000, 0x0000000800000000)
  region size 2048K, 19 young (38912K), 19 survivors (38912K)
 Metaspace       used 350120K, committed 353728K, reserved 1376256K
  class space    used 44558K, committed 46080K, reserved 1048576K
}
Event: 1621.974 GC heap before
{Heap before GC invocations=58 (full 0):
 garbage-first heap   total 950272K, used 606027K [0x0000000700000000, 0x0000000800000000)
  region size 2048K, 23 young (47104K), 19 survivors (38912K)
 Metaspace       used 350120K, committed 353728K, reserved 1376256K
  class space    used 44558K, committed 46080K, reserved 1048576K
}
Event: 1622.004 GC heap after
{Heap after GC invocations=59 (full 0):
 garbage-first heap   total 950272K, used 585728K [0x0000000700000000, 0x0000000800000000)
  region size 2048K, 3 young (6144K), 3 survivors (6144K)
 Metaspace       used 350120K, committed 353728K, reserved 1376256K
  class space    used 44558K, committed 46080K, reserved 1048576K
}
Event: 1622.005 GC heap before
{Heap before GC invocations=59 (full 0):
 garbage-first heap   total 950272K, used 585728K [0x0000000700000000, 0x0000000800000000)
  region size 2048K, 4 young (8192K), 3 survivors (6144K)
 Metaspace       used 350120K, committed 353728K, reserved 1376256K
  class space    used 44558K, committed 46080K, reserved 1048576K
}
Event: 1622.009 GC heap after
{Heap after GC invocations=60 (full 0):
 garbage-first heap   total 950272K, used 587543K [0x0000000700000000, 0x0000000800000000)
  region size 2048K, 4 young (8192K), 4 survivors (8192K)
 Metaspace       used 350120K, committed 353728K, reserved 1376256K
  class space    used 44558K, committed 46080K, reserved 1048576K
}
Event: 1626.123 GC heap before
{Heap before GC invocations=61 (full 0):
 garbage-first heap   total 950272K, used 694039K [0x0000000700000000, 0x0000000800000000)
  region size 2048K, 75 young (153600K), 4 survivors (8192K)
 Metaspace       used 350253K, committed 353856K, reserved 1376256K
  class space    used 44490K, committed 46080K, reserved 1048576K
}
Event: 1626.158 GC heap after
{Heap after GC invocations=62 (full 0):
 garbage-first heap   total 950272K, used 602752K [0x0000000700000000, 0x0000000800000000)
  region size 2048K, 10 young (20480K), 10 survivors (20480K)
 Metaspace       used 350253K, committed 353856K, reserved 1376256K
  class space    used 44490K, committed 46080K, reserved 1048576K
}
Event: 1626.549 GC heap before
{Heap before GC invocations=62 (full 0):
 garbage-first heap   total 950272K, used 637568K [0x0000000700000000, 0x0000000800000000)
  region size 2048K, 23 young (47104K), 10 survivors (20480K)
 Metaspace       used 350373K, committed 353920K, reserved 1376256K
  class space    used 44491K, committed 46080K, reserved 1048576K
}
Event: 1626.576 GC heap after
{Heap after GC invocations=63 (full 0):
 garbage-first heap   total 950272K, used 576512K [0x0000000700000000, 0x0000000800000000)
  region size 2048K, 3 young (6144K), 3 survivors (6144K)
 Metaspace       used 350373K, committed 353920K, reserved 1376256K
  class space    used 44491K, committed 46080K, reserved 1048576K
}
Event: 1626.580 GC heap before
{Heap before GC invocations=63 (full 0):
 garbage-first heap   total 950272K, used 578560K [0x0000000700000000, 0x0000000800000000)
  region size 2048K, 5 young (10240K), 3 survivors (6144K)
 Metaspace       used 350373K, committed 353920K, reserved 1376256K
  class space    used 44491K, committed 46080K, reserved 1048576K
}

